<?xml version="1.0" encoding="UTF-8"?>
<testng-results skipped="0" failed="0" ignored="0" total="1" passed="1">
  <reporter-output>
  </reporter-output>
  <suite name="Default suite" duration-ms="22691" started-at="2020-09-13T00:54:24 IST" finished-at="2020-09-13T00:54:46 IST">
    <groups>
    </groups>
    <test name="Default test" duration-ms="22691" started-at="2020-09-13T00:54:24 IST" finished-at="2020-09-13T00:54:46 IST">
      <class name="rahulshettyUdemy.ExtentReports.ExtentReportsPhase1">
        <test-method status="PASS" signature="config()[pri:0, instance:rahulshettyUdemy.ExtentReports.ExtentReportsPhase1@68bbe345]" name="config" is-config="true" duration-ms="670" started-at="2020-09-13T00:54:24 IST" finished-at="2020-09-13T00:54:24 IST">
          <reporter-output>
          </reporter-output>
        </test-method> <!-- config -->
        <test-method status="PASS" signature="InitalDemo()[pri:0, instance:rahulshettyUdemy.ExtentReports.ExtentReportsPhase1@68bbe345]" name="InitalDemo" duration-ms="21849" started-at="2020-09-13T00:54:24 IST" finished-at="2020-09-13T00:54:46 IST">
          <reporter-output>
          </reporter-output>
        </test-method> <!-- InitalDemo -->
      </class> <!-- rahulshettyUdemy.ExtentReports.ExtentReportsPhase1 -->
    </test> <!-- Default test -->
  </suite> <!-- Default suite -->
</testng-results>
